bitfinex LTC/BTC
binance LTC/BTC
binance BNB/BTC
binance NEO/BTC
binance EOS/ETH
binance BNB/ETH
binance DNT/ETH
binance MCO/ETH
binance MCO/BTC
binance WTC/BTC
binance WTC/ETH
bitfinex EOS/ETH
bitfinex NEO/BTC
bitfinex NEO/ETH
binance NEO/ETH
bitfinex TRX/BTC
bitfinex TRX/ETH
bitfinex ANT/ETH
binance EOS/BTC
bitfinex XRA/ETH
binance DNT/BTC
bitfinex GOT/ETH
bitfinex XTZ/BTC
binance DASH/BTC
binance DASH/ETH
bitfinex BAB/BTC
bitfinex RBT/BTC
binance REQ/ETH
binance VIB/BTC
binance VIB/ETH
binance TRX/BTC
binance TRX/ETH
binance STORJ/BTC
binance STORJ/ETH
binance BNB/USDT
binance RCN/BTC
binance RCN/ETH
binance XMR/BTC
binance CDT/BTC
binance GXS/ETH
binance NEO/USDT
binance MANA/BTC
binance MANA/ETH
binance CMT/BTC
binance CMT/ETH
binance WABI/BTC
binance WABI/ETH
binance LTC/ETH
binance LTC/USDT
