BTCUSD
ETHUSD
BNBUSD
NEOUSD
LTCUSD
QTUMUSD
ADAUSD
XRPUSD
EOSUSD
TUSDUSD
IOTAUSD
TRXUSD
ICXUSD
PAXUSD
BCHABCUSD
USDCUSD
LINKUSD
BTTUSD
BATUSD
BCHUSD
BSVUSD
DASHUSD
DCRUSD
DGBUSD
DOGEUSD
ETCUSD
NXTUSD
OMGUSD
PMAUSD
RVNUSD
SCUSD
XMRUSD
XVGUSD
ZECUSD
ZRXUSD
AMPUSD
ANTUSD
ARDRUSD
BAYUSD
BLKUSD
BLOCKUSD
BLTUSD
BNTUSD
MTLUSD
BURSTUSD
CANNUSD
CBCUSD
ARKUSD
DMDUSD
DYNUSD
EBSTUSD
EDGUSD
EDRUSD
GVTUSD
EGCUSD
GXSUSD
ENGUSD
BTSUSD
ADXUSD
GBYTEUSD
GEOUSD
GNTUSD
WABIUSD
GTOUSD
IGNISUSD
IOCUSD
LBAUSD
LBCUSD
RLCUSD
LUNUSD
IOSTUSD
MCOUSD
METUSD
MLNUSD
MONAUSD
MOREUSD
NBTUSD
NEOSUSD
NGCUSD
NLC2USD
GRSUSD
NMRUSD
CLOAKUSD
OKUSD
PARTUSD
THETAUSD
PPCUSD
NPXSUSD
QWARKUSD
RADSUSD
RCNUSD
NASUSD
MFTUSD
RDDUSD
REPUSD
HOTUSD
HCUSD
SEQUSD
SIBUSD
SLRUSD
UBQUSD
VEEUSD
VIAUSD
XCPUSD
XEMUSD
XMYUSD
XSTUSD
