bittrex ADA/BTC
bitfinex ETH/USDT
bitfinex ETH/BTC
binance ETH/USDT
binance MCO/ETH
binance MCO/BTC
bitfinex XRP/BTC
bitfinex IOTA/USDT
bitfinex IOTA/BTC
bitfinex IOTA/ETH
bittrex BCH/BTC
binance IOTA/BTC
binance IOTA/ETH
bitfinex NEO/BTC
binance MTL/BTC
bitfinex BTG/BTC
bittrex DASH/BTC
binance VIB/ETH
binance MOD/ETH
bitfinex TNB/ETH
binance RDN/BTC
binance RDN/ETH
binance AMB/BTC
bittrex EMC2/BTC
binance AMB/ETH
bitfinex RCN/ETH
bittrex ETC/BTC
bittrex ETH/BTC
binance CDT/BTC
bitfinex SNGLS/ETH
binance CDT/ETH
binance POE/BTC
binance BTS/BTC
binance XZC/ETH
binance FUEL/BTC
bitfinex AION/ETH
bitfinex REQ/ETH
binance CMT/BTC
binance CND/BTC
bitfinex LRC/ETH
binance CND/ETH
bitfinex ANT/BTC
bitfinex STORJ/ETH
bitfinex XLM/USDT
binance BRD/ETH
bitfinex KNC/ETH
bittrex LTC/BTC
binance IOST/BTC
bitfinex CND/BTC
bitfinex CND/ETH
bitfinex PAI/BTC
binance VIA/BTC
bitfinex WPR/BTC
binance VIA/ETH
binance BLZ/BTC
binance AE/BTC
bitfinex ZIL/ETH
binance AE/ETH
bitfinex BNT/ETH
binance POA/BTC
binance POA/ETH
bitfinex GOT/ETH
binance XEM/BTC
binance WPR/BTC
bittrex NGC/BTC
binance WPR/ETH
binance SYS/ETH
binance GNT/BTC
binance GNT/ETH
binance REP/BTC
bittrex OMG/BTC
bittrex PAX/BTC
binance TUSD/USDT
binance IOTA/USDT
binance AGI/BTC
binance DATA/BTC
binance NPXS/BTC
binance DOCK/BTC
binance DOCK/ETH
binance DCR/BTC
bittrex XCP/BTC
bittrex XLM/BTC
bittrex XST/BTC
bittrex XWC/BTC
bittrex ZEC/BTC
bittrex BCH/ETH
bittrex BCH/USDT
bittrex DASH/USDT
bittrex ETH/USDT
bittrex LTC/USDT
bittrex NEO/USDT
bittrex OMG/USDT
bittrex PAX/USDT
bittrex XRP/USDT
bittrex ZEC/USDT
bitfinex AUC/ETH
binance MTH/BTC
=======
ADA/BTC
AEON/BTC
ANT/BTC
BAT/BTC
BCH/BTC
BFT/BTC
BKX/BTC
BLK/BTC
BLOCK/BTC
BLT/BTC
BNT/BTC
CRW/BTC
CVC/BTC
DASH/BTC
DCT/BTC
DNT/BTC
EDR/BTC
EMC/BTC
EMC2/BTC
ENG/BTC
ETC/BTC
ETH/BTC
FCT/BTC
FLO/BTC
GBG/BTC
GRC/BTC
HYDRO/BTC
INCNT/BTC
IOC/BTC
KORE/BTC
LTC/BTC
MANA/BTC
MEME/BTC
MET/BTC
MFT/BTC
MLN/BTC
MONA/BTC
NEO/BTC
NXT/BTC
OMG/BTC
POLY/BTC
POT/BTC
PPC/BTC
PRO/BTC
QRL/BTC
QTUM/BTC
QWARK/BTC
RADS/BTC
RCN/BTC
REP/BTC
SNT/BTC
SRN/BTC
STORM/BTC
STRAT/BTC
SWT/BTC
SYNX/BTC
THC/BTC
TRX/BTC
TX/BTC
UKG/BTC
UP/BTC
VIA/BTC
VIB/BTC
WAX/BTC
XCP/BTC
XEL/BTC
XEM/BTC
XHV/BTC
XLM/BTC
XMR/BTC
XRP/BTC
ZEC/BTC
ZEN/BTC
BAT/ETH
BCH/ETH
CVC/ETH
MORE/ETH
SRN/ETH
UKG/ETH
WAX/ETH
XLM/ETH
XRP/ETH
ZEC/ETH
BCH/USD
BTC/USD
ETH/USD
LTC/USD
XRP/USD
ZEC/USD
ADA/USDT
BCH/USDT
BTC/USDT
DASH/USDT
ETC/USDT
ETH/USDT
LTC/USDT
NEO/USDT
NXT/USDT
OMG/USDT
TRX/USDT
XMR/USDT
XRP/USDT
ZEC/USDT
ETH/BTC
LTC/BTC
NEO/BTC
BCH/BTC
BTC/USDT
ETH/USDT
QTUM/BTC
OMG/BTC
STRAT/BTC
SNM/BTC
SNM/ETH
IOTA/BTC
LINK/BTC
LINK/ETH
EOS/BTC
SNT/BTC
ETC/BTC
ENG/BTC
DNT/BTC
ZEC/BTC
BNT/BTC
DASH/BTC
OAX/BTC
BTG/BTC
BTG/ETH
VIB/BTC
TRX/BTC
XRP/BTC
XRP/ETH
BNB/USDT
RCN/BTC
RCN/ETH
XMR/BTC
BCH/ETH
BCH/USDT
BAT/BTC
BAT/ETH
CDT/BTC
GXS/BTC
NEO/USDT
FUEL/BTC
FUEL/ETH
MANA/BTC
ADA/BTC
PPT/BTC
XLM/BTC
XLM/ETH
CND/BTC
WABI/BTC
WABI/ETH
LTC/USDT
OST/BTC
EDO/BTC
EDO/ETH
INS/BTC
INS/ETH
VIA/BTC
BLZ/BTC
STORM/BTC
QTUM/USDT
XEM/BTC
WPR/BTC
QLC/BTC
ADA/USDT
XRP/USDT
REP/BTC
ZEN/BTC
EOS/USDT
CVC/BTC
THETA/BTC
IOTA/USDT
XLM/USDT
AGI/BTC
AGI/ETH
DATA/BTC
TRX/USDT
ETC/USDT
KEY/BTC
KEY/ETH
MFT/BTC
DENT/BTC
VET/USDT
DOCK/BTC
DOCK/ETH
PHX/BTC
PHX/ETH
RVN/BTC
BTC/USDT
LTC/USDT
LTC/BTC
ETH/USDT
ETH/BTC
ETC/BTC
ETC/USDT
ZEC/USDT
ZEC/BTC
XMR/USDT
XMR/BTC
DASH/USDT
DASH/BTC
XRP/USDT
XRP/BTC
OMG/BTC
BCH/USDT
BCH/BTC
BCH/ETH
NEO/USDT
NEO/BTC
ETP/BTC
QTUM/USDT
QTUM/BTC
EDO/BTC
EDO/ETH
BAT/USDT
BAT/BTC
BAT/ETH
MANA/BTC
TRX/USDT
TRX/BTC
RCN/ETH
IOST/BTC
REQ/ETH
LRC/ETH
WAX/BTC
WAX/ETH
AGI/BTC
AGI/ETH
BFT/BTC
XLM/USDT
XLM/BTC
POA/ETH
POLY/ETH
NCASH/BTC
NCASH/ETH
CND/ETH
PAI/BTC
WPR/ETH
ZIL/BTC
BNT/BTC
BNT/ETH
